f:\d3d8-wrapper-d3d8-wrapper-v1.38\d3d8-wrapper-d3d8-wrapper-v1.38\build\obj\win32\debug\vc143.pdb
f:\d3d8-wrapper-d3d8-wrapper-v1.38\d3d8-wrapper-d3d8-wrapper-v1.38\build\obj\win32\debug\vc143.idb
f:\d3d8-wrapper-d3d8-wrapper-v1.38\d3d8-wrapper-d3d8-wrapper-v1.38\build\obj\win32\debug\dllmain.obj
f:\d3d8-wrapper-d3d8-wrapper-v1.38\d3d8-wrapper-d3d8-wrapper-v1.38\build\obj\win32\debug\interfacequery.obj
f:\d3d8-wrapper-d3d8-wrapper-v1.38\d3d8-wrapper-d3d8-wrapper-v1.38\build\obj\win32\debug\idirect3dvolumetexture8.obj
f:\d3d8-wrapper-d3d8-wrapper-v1.38\d3d8-wrapper-d3d8-wrapper-v1.38\build\obj\win32\debug\idirect3dvolume8.obj
f:\d3d8-wrapper-d3d8-wrapper-v1.38\d3d8-wrapper-d3d8-wrapper-v1.38\build\obj\win32\debug\idirect3dvertexbuffer8.obj
f:\d3d8-wrapper-d3d8-wrapper-v1.38\d3d8-wrapper-d3d8-wrapper-v1.38\build\obj\win32\debug\idirect3dtexture8.obj
f:\d3d8-wrapper-d3d8-wrapper-v1.38\d3d8-wrapper-d3d8-wrapper-v1.38\build\obj\win32\debug\idirect3dswapchain8.obj
f:\d3d8-wrapper-d3d8-wrapper-v1.38\d3d8-wrapper-d3d8-wrapper-v1.38\build\obj\win32\debug\idirect3dsurface8.obj
f:\d3d8-wrapper-d3d8-wrapper-v1.38\d3d8-wrapper-d3d8-wrapper-v1.38\build\obj\win32\debug\idirect3dindexbuffer8.obj
f:\d3d8-wrapper-d3d8-wrapper-v1.38\d3d8-wrapper-d3d8-wrapper-v1.38\build\obj\win32\debug\idirect3ddevice8.obj
f:\d3d8-wrapper-d3d8-wrapper-v1.38\d3d8-wrapper-d3d8-wrapper-v1.38\build\obj\win32\debug\idirect3dcubetexture8.obj
f:\d3d8-wrapper-d3d8-wrapper-v1.38\d3d8-wrapper-d3d8-wrapper-v1.38\build\obj\win32\debug\idirect3d8.obj
f:\d3d8-wrapper-d3d8-wrapper-v1.38\d3d8-wrapper-d3d8-wrapper-v1.38\data\d3d8.dll
f:\d3d8-wrapper-d3d8-wrapper-v1.38\d3d8-wrapper-d3d8-wrapper-v1.38\data\d3d8.pdb
f:\d3d8-wrapper-d3d8-wrapper-v1.38\d3d8-wrapper-d3d8-wrapper-v1.38\build\obj\win32\debug\versioninfo.res
f:\d3d8-wrapper-d3d8-wrapper-v1.38\d3d8-wrapper-d3d8-wrapper-v1.38\data\d3d8.lib
f:\d3d8-wrapper-d3d8-wrapper-v1.38\d3d8-wrapper-d3d8-wrapper-v1.38\data\d3d8.exp
f:\d3d8-wrapper-d3d8-wrapper-v1.38\d3d8-wrapper-d3d8-wrapper-v1.38\build\obj\win32\debug\d3d8.ilk
f:\d3d8-wrapper-d3d8-wrapper-v1.38\d3d8-wrapper-d3d8-wrapper-v1.38\build\obj\win32\debug\d3d8-wrapper.tlog\cl.command.1.tlog
f:\d3d8-wrapper-d3d8-wrapper-v1.38\d3d8-wrapper-d3d8-wrapper-v1.38\build\obj\win32\debug\d3d8-wrapper.tlog\cl.items.tlog
f:\d3d8-wrapper-d3d8-wrapper-v1.38\d3d8-wrapper-d3d8-wrapper-v1.38\build\obj\win32\debug\d3d8-wrapper.tlog\cl.read.1.tlog
f:\d3d8-wrapper-d3d8-wrapper-v1.38\d3d8-wrapper-d3d8-wrapper-v1.38\build\obj\win32\debug\d3d8-wrapper.tlog\cl.write.1.tlog
f:\d3d8-wrapper-d3d8-wrapper-v1.38\d3d8-wrapper-d3d8-wrapper-v1.38\build\obj\win32\debug\d3d8-wrapper.tlog\link.command.1.tlog
f:\d3d8-wrapper-d3d8-wrapper-v1.38\d3d8-wrapper-d3d8-wrapper-v1.38\build\obj\win32\debug\d3d8-wrapper.tlog\link.read.1.tlog
f:\d3d8-wrapper-d3d8-wrapper-v1.38\d3d8-wrapper-d3d8-wrapper-v1.38\build\obj\win32\debug\d3d8-wrapper.tlog\link.secondary.1.tlog
f:\d3d8-wrapper-d3d8-wrapper-v1.38\d3d8-wrapper-d3d8-wrapper-v1.38\build\obj\win32\debug\d3d8-wrapper.tlog\link.write.1.tlog
f:\d3d8-wrapper-d3d8-wrapper-v1.38\d3d8-wrapper-d3d8-wrapper-v1.38\build\obj\win32\debug\d3d8-wrapper.tlog\rc.command.1.tlog
f:\d3d8-wrapper-d3d8-wrapper-v1.38\d3d8-wrapper-d3d8-wrapper-v1.38\build\obj\win32\debug\d3d8-wrapper.tlog\rc.read.1.tlog
f:\d3d8-wrapper-d3d8-wrapper-v1.38\d3d8-wrapper-d3d8-wrapper-v1.38\build\obj\win32\debug\d3d8-wrapper.tlog\rc.write.1.tlog
